./goettingen/khudp_ou.htm
./goettingen/dhampdou.htm
./goettingen/udana_ou.htm
./goettingen/itivutou.htm
./goettingen/sutnipou.htm
./goettingen/vimvatou.htm
./goettingen/petvatou.htm
./goettingen/theragou.htm
./goettingen/therigou.htm
./goettingen/jatak1ou.htm
./goettingen/jatak2ou.htm
./goettingen/jatak3ou.htm
./goettingen/jatak4ou.htm
./goettingen/jatak5ou.htm
./goettingen/jatak6ou.htm
./goettingen/nidde1ou.htm
./goettingen/nidde2ou.htm
./goettingen/patis1ou.htm
./goettingen/patis2ou.htm
./goettingen/apadanou.htm
./goettingen/budvmsou.htm
./goettingen/carpitou.htm